<?xml version="1.0" encoding="UTF-8"?>
<testng-results skipped="0" failed="0" ignored="0" total="1" passed="1">
  <reporter-output>
  </reporter-output>
  <suite name="Default suite" duration-ms="57893" started-at="2021-06-08T19:34:03Z" finished-at="2021-06-08T19:35:01Z">
    <groups>
    </groups>
    <test name="Default test" duration-ms="57893" started-at="2021-06-08T19:34:03Z" finished-at="2021-06-08T19:35:01Z">
      <class name="tests.TestAddStaffFromExcel">
        <test-method status="PASS" signature="createDriver()[pri:0, instance:tests.TestAddStaffFromExcel@3e6fa38a]" name="createDriver" is-config="true" duration-ms="3317" started-at="2021-06-08T19:34:03Z" finished-at="2021-06-08T19:34:06Z">
          <reporter-output>
          </reporter-output>
        </test-method> <!-- createDriver -->
        <test-method status="PASS" signature="TestAddStaffExcel()[pri:1, instance:tests.TestAddStaffFromExcel@3e6fa38a]" name="TestAddStaffExcel" duration-ms="43752" started-at="2021-06-08T19:34:06Z" finished-at="2021-06-08T19:34:50Z">
          <reporter-output>
          </reporter-output>
        </test-method> <!-- TestAddStaffExcel -->
        <test-method status="PASS" signature="TestDeleteStaff()[pri:0, instance:tests.TestAddStaffFromExcel@3e6fa38a]" name="TestDeleteStaff" is-config="true" duration-ms="10801" started-at="2021-06-08T19:34:50Z" finished-at="2021-06-08T19:35:01Z">
          <reporter-output>
          </reporter-output>
        </test-method> <!-- TestDeleteStaff -->
      </class> <!-- tests.TestAddStaffFromExcel -->
    </test> <!-- Default test -->
  </suite> <!-- Default suite -->
</testng-results>
